{"F:\\work\\reactJS\\reactTS\\filter-table-data\\src\\App.tsx": {"path":"F:\\work\\reactJS\\reactTS\\filter-table-data\\src\\App.tsx","statementMap":{"0":{"start":{"line":7,"column":4},"end":{"line":9,"column":6}}},"fnMap":{"0":{"name":"(anonymous_0)","decl":{"start":{"line":6,"column":2},"end":{"line":6,"column":3}},"loc":{"start":{"line":6,"column":11},"end":{"line":10,"column":3}},"line":6}},"branchMap":{},"s":{"0":1},"f":{"0":1},"b":{},"_coverageSchema":"332fd63041d2c1bcb487cc26dd0d5f7d97098a6c","hash":"a4396fca97cf2ce292ec98c2bf8c470aa1b8ebec"}
,"F:\\work\\reactJS\\reactTS\\filter-table-data\\src\\index.tsx": {"path":"F:\\work\\reactJS\\reactTS\\filter-table-data\\src\\index.tsx","statementMap":{"0":{"start":{"line":1,"column":0},"end":{"line":null,"column":-1}},"1":{"start":{"line":2,"column":0},"end":{"line":null,"column":-1}},"2":{"start":{"line":3,"column":0},"end":{"line":null,"column":-1}},"3":{"start":{"line":4,"column":0},"end":{"line":null,"column":-1}},"4":{"start":{"line":5,"column":0},"end":{"line":null,"column":-1}},"5":{"start":{"line":6,"column":0},"end":{"line":null,"column":-1}},"6":{"start":{"line":13,"column":0},"end":{"line":null,"column":-1}}},"fnMap":{},"branchMap":{},"s":{"0":0,"1":0,"2":0,"3":0,"4":0,"5":0,"6":0},"f":{},"b":{}}
,"F:\\work\\reactJS\\reactTS\\filter-table-data\\src\\serviceWorker.ts": {"path":"F:\\work\\reactJS\\reactTS\\filter-table-data\\src\\serviceWorker.ts","statementMap":{"0":{"start":{"line":13,"column":20},"end":{"line":13,"column":0}},"1":{"start":{"line":29,"column":2},"end":{"line":62,"column":3}},"2":{"start":{"line":31,"column":22},"end":{"line":31,"column":4}},"3":{"start":{"line":35,"column":4},"end":{"line":40,"column":5}},"4":{"start":{"line":39,"column":6},"end":{"line":null,"column":-1}},"5":{"start":{"line":42,"column":4},"end":{"line":null,"column":-1}},"6":{"start":{"line":43,"column":21},"end":{"line":43,"column":6}},"7":{"start":{"line":45,"column":6},"end":{"line":60,"column":7}},"8":{"start":{"line":47,"column":8},"end":{"line":45,"column":23}},"9":{"start":{"line":51,"column":8},"end":{"line":null,"column":-1}},"10":{"start":{"line":52,"column":10},"end":{"line":null,"column":-1}},"11":{"start":{"line":59,"column":8},"end":{"line":null,"column":-1}},"12":{"start":{"line":66,"column":2},"end":{"line":null,"column":-1}},"13":{"start":{"line":69,"column":6},"end":{"line":null,"column":-1}},"14":{"start":{"line":70,"column":33},"end":{"line":70,"column":8}},"15":{"start":{"line":71,"column":8},"end":{"line":73,"column":9}},"16":{"start":{"line":72,"column":10},"end":{"line":null,"column":-1}},"17":{"start":{"line":74,"column":8},"end":{"line":null,"column":-1}},"18":{"start":{"line":75,"column":10},"end":{"line":100,"column":11}},"19":{"start":{"line":76,"column":12},"end":{"line":99,"column":13}},"20":{"start":{"line":80,"column":14},"end":{"line":76,"column":52}},"21":{"start":{"line":86,"column":14},"end":{"line":88,"column":15}},"22":{"start":{"line":87,"column":16},"end":{"line":null,"column":-1}},"23":{"start":{"line":93,"column":14},"end":{"line":89,"column":19}},"24":{"start":{"line":96,"column":14},"end":{"line":98,"column":15}},"25":{"start":{"line":97,"column":16},"end":{"line":null,"column":-1}},"26":{"start":{"line":105,"column":6},"end":{"line":null,"column":-1}},"27":{"start":{"line":111,"column":2},"end":{"line":null,"column":-1}},"28":{"start":{"line":114,"column":26},"end":{"line":114,"column":6}},"29":{"start":{"line":115,"column":6},"end":{"line":128,"column":7}},"30":{"start":{"line":120,"column":8},"end":{"line":null,"column":-1}},"31":{"start":{"line":121,"column":10},"end":{"line":null,"column":-1}},"32":{"start":{"line":122,"column":12},"end":{"line":null,"column":-1}},"33":{"start":{"line":127,"column":8},"end":{"line":null,"column":-1}},"34":{"start":{"line":131,"column":6},"end":{"line":null,"column":-1}},"35":{"start":{"line":138,"column":2},"end":{"line":142,"column":3}},"36":{"start":{"line":139,"column":4},"end":{"line":null,"column":-1}},"37":{"start":{"line":140,"column":6},"end":{"line":null,"column":-1}}},"fnMap":{"0":{"name":"register","decl":{"start":{"line":28,"column":16},"end":{"line":28,"column":7}},"loc":{"start":{"line":28,"column":42},"end":{"line":63,"column":1}}},"1":{"name":"(anonymous_1)","decl":{"start":{"line":42,"column":36},"end":{"line":42,"column":41}},"loc":{"start":{"line":42,"column":42},"end":{"line":42,"column":4}}},"2":{"name":"(anonymous_2)","decl":{"start":{"line":51,"column":43},"end":{"line":51,"column":48}},"loc":{"start":{"line":51,"column":49},"end":{"line":51,"column":8}}},"3":{"name":"registerValidSW","decl":{"start":{"line":65,"column":9},"end":{"line":65,"column":0}},"loc":{"start":{"line":65,"column":57},"end":{"line":107,"column":1}}},"4":{"name":"(anonymous_4)","decl":{"start":{"line":68,"column":10},"end":{"line":68,"column":21}},"loc":{"start":{"line":68,"column":26},"end":{"line":66,"column":2}}},"5":{"name":"(anonymous_5)","decl":{"start":{"line":69,"column":35},"end":{"line":69,"column":40}},"loc":{"start":{"line":69,"column":41},"end":{"line":69,"column":6}}},"6":{"name":"(anonymous_6)","decl":{"start":{"line":74,"column":41},"end":{"line":74,"column":46}},"loc":{"start":{"line":74,"column":47},"end":{"line":74,"column":8}}},"7":{"name":"(anonymous_7)","decl":{"start":{"line":104,"column":11},"end":{"line":104,"column":15}},"loc":{"start":{"line":104,"column":20},"end":{"line":66,"column":2}}},"8":{"name":"checkValidServiceWorker","decl":{"start":{"line":109,"column":9},"end":{"line":109,"column":0}},"loc":{"start":{"line":109,"column":65},"end":{"line":135,"column":1}}},"9":{"name":"(anonymous_9)","decl":{"start":{"line":112,"column":10},"end":{"line":112,"column":17}},"loc":{"start":{"line":112,"column":22},"end":{"line":111,"column":2}}},"10":{"name":"(anonymous_10)","decl":{"start":{"line":120,"column":43},"end":{"line":120,"column":54}},"loc":{"start":{"line":120,"column":59},"end":{"line":120,"column":8}}},"11":{"name":"(anonymous_11)","decl":{"start":{"line":121,"column":41},"end":{"line":121,"column":46}},"loc":{"start":{"line":121,"column":47},"end":{"line":121,"column":10}}},"12":{"name":"(anonymous_12)","decl":{"start":{"line":130,"column":11},"end":{"line":130,"column":16}},"loc":{"start":{"line":130,"column":17},"end":{"line":111,"column":2}}},"13":{"name":"unregister","decl":{"start":{"line":137,"column":16},"end":{"line":137,"column":7}},"loc":{"start":{"line":137,"column":29},"end":{"line":143,"column":1}}},"14":{"name":"(anonymous_14)","decl":{"start":{"line":139,"column":39},"end":{"line":139,"column":50}},"loc":{"start":{"line":139,"column":55},"end":{"line":139,"column":4}}}},"branchMap":{"0":{"loc":{"start":{"line":14,"column":2},"end":{"line":14,"column":1}},"type":"binary-expr","locations":[{"start":{"line":14,"column":2},"end":{"line":14,"column":1}},{"start":{"line":16,"column":4},"end":{"line":14,"column":2}},{"start":{"line":18,"column":4},"end":{"line":13,"column":27}}]},"1":{"loc":{"start":{"line":29,"column":2},"end":{"line":62,"column":3}},"type":"if","locations":[{"start":{"line":29,"column":2},"end":{"line":62,"column":3}},{"start":{"line":29,"column":2},"end":{"line":62,"column":3}}]},"2":{"loc":{"start":{"line":29,"column":6},"end":{"line":29,"column":5}},"type":"binary-expr","locations":[{"start":{"line":29,"column":6},"end":{"line":29,"column":5}},{"start":{"line":29,"column":47},"end":{"line":29,"column":2}}]},"3":{"loc":{"start":{"line":35,"column":4},"end":{"line":40,"column":5}},"type":"if","locations":[{"start":{"line":35,"column":4},"end":{"line":40,"column":5}},{"start":{"line":35,"column":4},"end":{"line":40,"column":5}}]},"4":{"loc":{"start":{"line":45,"column":6},"end":{"line":60,"column":7}},"type":"if","locations":[{"start":{"line":45,"column":6},"end":{"line":60,"column":7}},{"start":{"line":45,"column":6},"end":{"line":60,"column":7}}]},"5":{"loc":{"start":{"line":71,"column":8},"end":{"line":73,"column":9}},"type":"if","locations":[{"start":{"line":71,"column":8},"end":{"line":73,"column":9}},{"start":{"line":71,"column":8},"end":{"line":73,"column":9}}]},"6":{"loc":{"start":{"line":75,"column":10},"end":{"line":100,"column":11}},"type":"if","locations":[{"start":{"line":75,"column":10},"end":{"line":100,"column":11}},{"start":{"line":75,"column":10},"end":{"line":100,"column":11}}]},"7":{"loc":{"start":{"line":76,"column":12},"end":{"line":99,"column":13}},"type":"if","locations":[{"start":{"line":76,"column":12},"end":{"line":99,"column":13}},{"start":{"line":76,"column":12},"end":{"line":99,"column":13}}]},"8":{"loc":{"start":{"line":86,"column":14},"end":{"line":88,"column":15}},"type":"if","locations":[{"start":{"line":86,"column":14},"end":{"line":88,"column":15}},{"start":{"line":86,"column":14},"end":{"line":88,"column":15}}]},"9":{"loc":{"start":{"line":86,"column":18},"end":{"line":86,"column":24}},"type":"binary-expr","locations":[{"start":{"line":86,"column":18},"end":{"line":86,"column":24}},{"start":{"line":86,"column":28},"end":{"line":86,"column":14}}]},"10":{"loc":{"start":{"line":96,"column":14},"end":{"line":98,"column":15}},"type":"if","locations":[{"start":{"line":96,"column":14},"end":{"line":98,"column":15}},{"start":{"line":96,"column":14},"end":{"line":98,"column":15}}]},"11":{"loc":{"start":{"line":96,"column":18},"end":{"line":96,"column":24}},"type":"binary-expr","locations":[{"start":{"line":96,"column":18},"end":{"line":96,"column":24}},{"start":{"line":96,"column":28},"end":{"line":96,"column":14}}]},"12":{"loc":{"start":{"line":115,"column":6},"end":{"line":128,"column":7}},"type":"if","locations":[{"start":{"line":115,"column":6},"end":{"line":128,"column":7}},{"start":{"line":115,"column":6},"end":{"line":128,"column":7}}]},"13":{"loc":{"start":{"line":116,"column":8},"end":{"line":116,"column":7}},"type":"binary-expr","locations":[{"start":{"line":116,"column":8},"end":{"line":116,"column":7}},{"start":{"line":117,"column":9},"end":{"line":117,"column":8}},{"start":{"line":117,"column":32},"end":{"line":115,"column":6}}]},"14":{"loc":{"start":{"line":138,"column":2},"end":{"line":142,"column":3}},"type":"if","locations":[{"start":{"line":138,"column":2},"end":{"line":142,"column":3}},{"start":{"line":138,"column":2},"end":{"line":142,"column":3}}]}},"s":{"0":0,"1":0,"2":0,"3":0,"4":0,"5":0,"6":0,"7":0,"8":0,"9":0,"10":0,"11":0,"12":0,"13":0,"14":0,"15":0,"16":0,"17":0,"18":0,"19":0,"20":0,"21":0,"22":0,"23":0,"24":0,"25":0,"26":0,"27":0,"28":0,"29":0,"30":0,"31":0,"32":0,"33":0,"34":0,"35":0,"36":0,"37":0},"f":{"0":0,"1":0,"2":0,"3":0,"4":0,"5":0,"6":0,"7":0,"8":0,"9":0,"10":0,"11":0,"12":0,"13":0,"14":0},"b":{"0":[0,0,0],"1":[0,0],"2":[0,0],"3":[0,0],"4":[0,0],"5":[0,0],"6":[0,0],"7":[0,0],"8":[0,0],"9":[0,0],"10":[0,0],"11":[0,0],"12":[0,0],"13":[0,0,0],"14":[0,0]}}
,"F:\\work\\reactJS\\reactTS\\filter-table-data\\src\\setupTests.tsx": {"path":"F:\\work\\reactJS\\reactTS\\filter-table-data\\src\\setupTests.tsx","statementMap":{"0":{"start":{"line":4,"column":0},"end":{"line":7,"column":3}}},"fnMap":{},"branchMap":{},"s":{"0":6},"f":{},"b":{},"_coverageSchema":"332fd63041d2c1bcb487cc26dd0d5f7d97098a6c","hash":"95ed4e0868d79eb847d6857acc3b1fd5d2d6185f"}
,"F:\\work\\reactJS\\reactTS\\filter-table-data\\src\\common\\routes.tsx": {"path":"F:\\work\\reactJS\\reactTS\\filter-table-data\\src\\common\\routes.tsx","statementMap":{"0":{"start":{"line":7,"column":4},"end":{"line":16,"column":13}}},"fnMap":{"0":{"name":"AppRoutes","decl":{"start":{"line":6,"column":9},"end":{"line":6,"column":18}},"loc":{"start":{"line":6,"column":21},"end":{"line":17,"column":1}},"line":6}},"branchMap":{},"s":{"0":1},"f":{"0":1},"b":{},"_coverageSchema":"332fd63041d2c1bcb487cc26dd0d5f7d97098a6c","hash":"3fb84dc14581dc46797d2c80be172e344469e65c"}
,"F:\\work\\reactJS\\reactTS\\filter-table-data\\src\\features\\employe-details\\employe-detail.tsx": {"path":"F:\\work\\reactJS\\reactTS\\filter-table-data\\src\\features\\employe-details\\employe-detail.tsx","statementMap":{"0":{"start":{"line":21,"column":8},"end":{"line":21,"column":21}},"1":{"start":{"line":22,"column":8},"end":{"line":22,"column":55}},"2":{"start":{"line":25,"column":34},"end":{"line":25,"column":44}},"3":{"start":{"line":26,"column":32},"end":{"line":26,"column":89}},"4":{"start":{"line":27,"column":8},"end":{"line":27,"column":50}},"5":{"start":{"line":30,"column":8},"end":{"line":30,"column":37}},"6":{"start":{"line":33,"column":8},"end":{"line":61,"column":18}}},"fnMap":{"0":{"name":"(anonymous_0)","decl":{"start":{"line":20,"column":4},"end":{"line":20,"column":5}},"loc":{"start":{"line":20,"column":28},"end":{"line":23,"column":5}},"line":20},"1":{"name":"(anonymous_1)","decl":{"start":{"line":24,"column":4},"end":{"line":24,"column":5}},"loc":{"start":{"line":24,"column":24},"end":{"line":28,"column":5}},"line":24},"2":{"name":"(anonymous_2)","decl":{"start":{"line":29,"column":4},"end":{"line":29,"column":5}},"loc":{"start":{"line":29,"column":18},"end":{"line":31,"column":5}},"line":29},"3":{"name":"(anonymous_3)","decl":{"start":{"line":32,"column":4},"end":{"line":32,"column":5}},"loc":{"start":{"line":32,"column":14},"end":{"line":62,"column":5}},"line":32}},"branchMap":{},"s":{"0":1,"1":1,"2":0,"3":0,"4":0,"5":2,"6":1},"f":{"0":1,"1":0,"2":2,"3":1},"b":{},"_coverageSchema":"332fd63041d2c1bcb487cc26dd0d5f7d97098a6c","hash":"d9f8eacc0c74406a714c793f6d1d660595f683d7"}
,"F:\\work\\reactJS\\reactTS\\filter-table-data\\src\\features\\search-employes\\display-employe-list.tsx": {"path":"F:\\work\\reactJS\\reactTS\\filter-table-data\\src\\features\\search-employes\\display-employe-list.tsx","statementMap":{"0":{"start":{"line":9,"column":27},"end":{"line":37,"column":1}},"1":{"start":{"line":10,"column":4},"end":{"line":36,"column":18}},"2":{"start":{"line":23,"column":24},"end":{"line":32,"column":37}},"3":{"start":{"line":30,"column":61},"end":{"line":30,"column":95}}},"fnMap":{"0":{"name":"(anonymous_0)","decl":{"start":{"line":9,"column":27},"end":{"line":9,"column":28}},"loc":{"start":{"line":9,"column":57},"end":{"line":37,"column":1}},"line":9},"1":{"name":"(anonymous_1)","decl":{"start":{"line":22,"column":45},"end":{"line":22,"column":46}},"loc":{"start":{"line":22,"column":84},"end":{"line":33,"column":25}},"line":22},"2":{"name":"(anonymous_2)","decl":{"start":{"line":30,"column":53},"end":{"line":30,"column":54}},"loc":{"start":{"line":30,"column":59},"end":{"line":30,"column":96}},"line":30}},"branchMap":{},"s":{"0":3,"1":3,"2":4,"3":1},"f":{"0":3,"1":4,"2":1},"b":{},"_coverageSchema":"332fd63041d2c1bcb487cc26dd0d5f7d97098a6c","hash":"e121965f8aa152183c23004d42837999d27a3477"}
,"F:\\work\\reactJS\\reactTS\\filter-table-data\\src\\features\\search-employes\\search-employes.tsx": {"path":"F:\\work\\reactJS\\reactTS\\filter-table-data\\src\\features\\search-employes\\search-employes.tsx","statementMap":{"0":{"start":{"line":20,"column":4},"end":{"line":20,"column":16}},"1":{"start":{"line":21,"column":4},"end":{"line":21,"column":55}},"2":{"start":{"line":22,"column":4},"end":{"line":22,"column":65}},"3":{"start":{"line":25,"column":41},"end":{"line":25,"column":101}},"4":{"start":{"line":26,"column":4},"end":{"line":26,"column":46}},"5":{"start":{"line":29,"column":4},"end":{"line":29,"column":27}},"6":{"start":{"line":30,"column":41},"end":{"line":30,"column":105}},"7":{"start":{"line":31,"column":4},"end":{"line":31,"column":46}},"8":{"start":{"line":34,"column":4},"end":{"line":34,"column":47}},"9":{"start":{"line":37,"column":4},"end":{"line":48,"column":6}}},"fnMap":{"0":{"name":"(anonymous_0)","decl":{"start":{"line":19,"column":2},"end":{"line":19,"column":3}},"loc":{"start":{"line":19,"column":26},"end":{"line":23,"column":3}},"line":19},"1":{"name":"(anonymous_1)","decl":{"start":{"line":24,"column":2},"end":{"line":24,"column":3}},"loc":{"start":{"line":24,"column":22},"end":{"line":27,"column":3}},"line":24},"2":{"name":"(anonymous_2)","decl":{"start":{"line":28,"column":2},"end":{"line":28,"column":3}},"loc":{"start":{"line":28,"column":34},"end":{"line":32,"column":3}},"line":28},"3":{"name":"(anonymous_3)","decl":{"start":{"line":33,"column":2},"end":{"line":33,"column":3}},"loc":{"start":{"line":33,"column":41},"end":{"line":35,"column":3}},"line":33},"4":{"name":"(anonymous_4)","decl":{"start":{"line":36,"column":2},"end":{"line":36,"column":3}},"loc":{"start":{"line":36,"column":11},"end":{"line":49,"column":3}},"line":36}},"branchMap":{},"s":{"0":2,"1":2,"2":2,"3":1,"4":1,"5":0,"6":0,"7":0,"8":0,"9":3},"f":{"0":2,"1":1,"2":0,"3":0,"4":3},"b":{},"_coverageSchema":"332fd63041d2c1bcb487cc26dd0d5f7d97098a6c","hash":"d463c338a2076176424c9d52d10e457ca2a7cbfa"}
,"F:\\work\\reactJS\\reactTS\\filter-table-data\\src\\features\\search-employes\\searchForm.tsx": {"path":"F:\\work\\reactJS\\reactTS\\filter-table-data\\src\\features\\search-employes\\searchForm.tsx","statementMap":{"0":{"start":{"line":10,"column":63},"end":{"line":30,"column":1}},"1":{"start":{"line":11,"column":4},"end":{"line":29,"column":6}},"2":{"start":{"line":31,"column":0},"end":{"line":34,"column":1}}},"fnMap":{"0":{"name":"(anonymous_0)","decl":{"start":{"line":10,"column":63},"end":{"line":10,"column":64}},"loc":{"start":{"line":10,"column":74},"end":{"line":30,"column":1}},"line":10}},"branchMap":{},"s":{"0":3,"1":3,"2":3},"f":{"0":3},"b":{},"_coverageSchema":"332fd63041d2c1bcb487cc26dd0d5f7d97098a6c","hash":"09a6f493ac322b94183f11e0d517b3232e65d4c7"}
,"F:\\work\\reactJS\\reactTS\\filter-table-data\\src\\state\\employe-data.tsx": {"path":"F:\\work\\reactJS\\reactTS\\filter-table-data\\src\\state\\employe-data.tsx","statementMap":{"0":{"start":{"line":3,"column":50},"end":{"line":28,"column":1}},"1":{"start":{"line":29,"column":31},"end":{"line":34,"column":1}},"2":{"start":{"line":30,"column":25},"end":{"line":32,"column":6}},"3":{"start":{"line":31,"column":6},"end":{"line":31,"column":126}},"4":{"start":{"line":33,"column":4},"end":{"line":33,"column":24}},"5":{"start":{"line":35,"column":33},"end":{"line":40,"column":1}},"6":{"start":{"line":36,"column":26},"end":{"line":38,"column":6}},"7":{"start":{"line":37,"column":8},"end":{"line":37,"column":31}},"8":{"start":{"line":39,"column":4},"end":{"line":39,"column":28}}},"fnMap":{"0":{"name":"(anonymous_0)","decl":{"start":{"line":29,"column":31},"end":{"line":29,"column":32}},"loc":{"start":{"line":29,"column":64},"end":{"line":34,"column":1}},"line":29},"1":{"name":"(anonymous_1)","decl":{"start":{"line":30,"column":51},"end":{"line":30,"column":52}},"loc":{"start":{"line":30,"column":61},"end":{"line":32,"column":5}},"line":30},"2":{"name":"(anonymous_2)","decl":{"start":{"line":35,"column":33},"end":{"line":35,"column":34}},"loc":{"start":{"line":35,"column":78},"end":{"line":40,"column":1}},"line":35},"3":{"name":"(anonymous_3)","decl":{"start":{"line":36,"column":45},"end":{"line":36,"column":46}},"loc":{"start":{"line":36,"column":55},"end":{"line":38,"column":5}},"line":36}},"branchMap":{"0":{"loc":{"start":{"line":31,"column":13},"end":{"line":31,"column":125}},"type":"binary-expr","locations":[{"start":{"line":31,"column":13},"end":{"line":31,"column":80}},{"start":{"line":31,"column":84},"end":{"line":31,"column":125}}],"line":31}},"s":{"0":4,"1":4,"2":2,"3":6,"4":2,"5":4,"6":1,"7":3,"8":1},"f":{"0":2,"1":6,"2":1,"3":3},"b":{"0":[6,0]},"_coverageSchema":"332fd63041d2c1bcb487cc26dd0d5f7d97098a6c","hash":"36f8cdd7bddb2c62bbccc2bd5c4cfef51cb72261"}
,"F:\\work\\reactJS\\reactTS\\filter-table-data\\src\\state\\employe-models.tsx": {"path":"F:\\work\\reactJS\\reactTS\\filter-table-data\\src\\state\\employe-models.tsx","statementMap":{},"fnMap":{},"branchMap":{},"s":{},"f":{},"b":{},"_coverageSchema":"332fd63041d2c1bcb487cc26dd0d5f7d97098a6c","hash":"e3575be15259672495415ea60acad58c3789fc04"}
,"F:\\work\\reactJS\\reactTS\\filter-table-data\\src\\state\\index.tsx": {"path":"F:\\work\\reactJS\\reactTS\\filter-table-data\\src\\state\\index.tsx","statementMap":{},"fnMap":{},"branchMap":{},"s":{},"f":{},"b":{},"_coverageSchema":"332fd63041d2c1bcb487cc26dd0d5f7d97098a6c","hash":"e4a748f08d96efecd6f801d66efee0af7d58d36c"}
}
